{"C:\\Users\\chesn\\Desktop\\AlexCoding\\free-api-library\\services\\requests.ts": {"path":"C:\\Users\\chesn\\Desktop\\AlexCoding\\free-api-library\\services\\requests.ts","statementMap":{"0":{"start":{"line":1,"column":0},"end":{"line":1,"column":63}},"1":{"start":{"line":3,"column":16},"end":{"line":5,"column":1}},"2":{"start":{"line":4,"column":2},"end":{"line":4,"column":44}},"3":{"start":{"line":4,"column":32},"end":{"line":4,"column":43}},"4":{"start":{"line":7,"column":13},"end":{"line":14,"column":1}},"5":{"start":{"line":8,"column":14},"end":{"line":11,"column":null}},"6":{"start":{"line":13,"column":2},"end":{"line":13,"column":28}},"7":{"start":{"line":16,"column":12},"end":{"line":23,"column":1}},"8":{"start":{"line":17,"column":14},"end":{"line":20,"column":null}},"9":{"start":{"line":22,"column":2},"end":{"line":22,"column":null}},"10":{"start":{"line":25,"column":17},"end":{"line":28,"column":null}},"11":{"start":{"line":30,"column":0},"end":{"line":30,"column":null}}},"fnMap":{"0":{"name":"(anonymous_2)","decl":{"start":{"line":3,"column":16},"end":{"line":3,"column":20}},"loc":{"start":{"line":3,"column":45},"end":{"line":5,"column":1}}},"1":{"name":"(anonymous_3)","decl":{"start":{"line":4,"column":29},"end":{"line":4,"column":30}},"loc":{"start":{"line":4,"column":30},"end":{"line":4,"column":33}}},"2":{"name":"(anonymous_4)","decl":{"start":{"line":7,"column":13},"end":{"line":7,"column":17}},"loc":{"start":{"line":7,"column":54},"end":{"line":14,"column":1}}},"3":{"name":"(anonymous_5)","decl":{"start":{"line":16,"column":12},"end":{"line":16,"column":16}},"loc":{"start":{"line":16,"column":54},"end":{"line":23,"column":1}}}},"branchMap":{},"s":{"0":2,"1":2,"2":10,"3":1,"4":2,"5":2,"6":2,"7":2,"8":8,"9":8,"10":2,"11":2},"f":{"0":10,"1":1,"2":2,"3":8},"b":{}}
,"C:\\Users\\chesn\\Desktop\\AlexCoding\\free-api-library\\wrappers\\JSONPlaceholder\\JSONPlaceholder.ts": {"path":"C:\\Users\\chesn\\Desktop\\AlexCoding\\free-api-library\\wrappers\\JSONPlaceholder\\JSONPlaceholder.ts","statementMap":{"0":{"start":{"line":1,"column":0},"end":{"line":1,"column":45}},"1":{"start":{"line":2,"column":0},"end":{"line":2,"column":47}},"2":{"start":{"line":6,"column":20},"end":{"line":6,"column":29}},"3":{"start":{"line":7,"column":0},"end":{"line":7,"column":null}},"4":{"start":{"line":11,"column":4},"end":{"line":11,"column":null}},"5":{"start":{"line":14,"column":9},"end":{"line":16,"column":null}},"6":{"start":{"line":15,"column":4},"end":{"line":15,"column":24}},"7":{"start":{"line":18,"column":9},"end":{"line":20,"column":null}},"8":{"start":{"line":19,"column":4},"end":{"line":19,"column":null}},"9":{"start":{"line":22,"column":9},"end":{"line":24,"column":null}},"10":{"start":{"line":23,"column":4},"end":{"line":23,"column":null}},"11":{"start":{"line":27,"column":9},"end":{"line":29,"column":null}},"12":{"start":{"line":28,"column":4},"end":{"line":28,"column":null}},"13":{"start":{"line":31,"column":9},"end":{"line":33,"column":null}},"14":{"start":{"line":32,"column":4},"end":{"line":32,"column":null}},"15":{"start":{"line":35,"column":9},"end":{"line":37,"column":null}},"16":{"start":{"line":36,"column":4},"end":{"line":36,"column":null}},"17":{"start":{"line":36,"column":75},"end":{"line":36,"column":86}},"18":{"start":{"line":39,"column":9},"end":{"line":41,"column":null}},"19":{"start":{"line":40,"column":4},"end":{"line":40,"column":61}},"20":{"start":{"line":43,"column":9},"end":{"line":45,"column":null}},"21":{"start":{"line":44,"column":4},"end":{"line":44,"column":null}},"22":{"start":{"line":44,"column":68},"end":{"line":44,"column":79}},"23":{"start":{"line":47,"column":9},"end":{"line":49,"column":null}},"24":{"start":{"line":48,"column":4},"end":{"line":48,"column":null}},"25":{"start":{"line":48,"column":70},"end":{"line":48,"column":72}},"26":{"start":{"line":51,"column":9},"end":{"line":53,"column":null}},"27":{"start":{"line":52,"column":4},"end":{"line":52,"column":null}},"28":{"start":{"line":52,"column":69},"end":{"line":52,"column":71}},"29":{"start":{"line":56,"column":0},"end":{"line":56,"column":null}},"30":{"start":{"line":58,"column":0},"end":{"line":58,"column":null}}},"fnMap":{"0":{"name":"(anonymous_0)","decl":{"start":{"line":7,"column":0},"end":{"line":7,"column":null}},"loc":{"start":{"line":7,"column":0},"end":{"line":56,"column":null}}},"1":{"name":"JSONPlaceholder","decl":{"start":{"line":10,"column":2},"end":{"line":10,"column":null}},"loc":{"start":{"line":10,"column":2},"end":{"line":12,"column":3}}},"2":{"name":"(anonymous_2)","decl":{"start":{"line":14,"column":2},"end":{"line":14,"column":9}},"loc":{"start":{"line":14,"column":2},"end":{"line":16,"column":3}}},"3":{"name":"(anonymous_3)","decl":{"start":{"line":18,"column":2},"end":{"line":18,"column":9}},"loc":{"start":{"line":18,"column":30},"end":{"line":20,"column":3}}},"4":{"name":"(anonymous_4)","decl":{"start":{"line":22,"column":2},"end":{"line":22,"column":9}},"loc":{"start":{"line":22,"column":2},"end":{"line":24,"column":3}}},"5":{"name":"(anonymous_5)","decl":{"start":{"line":27,"column":2},"end":{"line":27,"column":9}},"loc":{"start":{"line":27,"column":30},"end":{"line":29,"column":3}}},"6":{"name":"(anonymous_6)","decl":{"start":{"line":31,"column":2},"end":{"line":31,"column":9}},"loc":{"start":{"line":31,"column":2},"end":{"line":33,"column":3}}},"7":{"name":"(anonymous_7)","decl":{"start":{"line":35,"column":2},"end":{"line":35,"column":9}},"loc":{"start":{"line":35,"column":36},"end":{"line":37,"column":3}}},"8":{"name":"(anonymous_8)","decl":{"start":{"line":36,"column":72},"end":{"line":36,"column":73}},"loc":{"start":{"line":36,"column":73},"end":{"line":36,"column":76}}},"9":{"name":"(anonymous_9)","decl":{"start":{"line":39,"column":2},"end":{"line":39,"column":9}},"loc":{"start":{"line":39,"column":29},"end":{"line":41,"column":3}}},"10":{"name":"(anonymous_10)","decl":{"start":{"line":43,"column":2},"end":{"line":43,"column":9}},"loc":{"start":{"line":43,"column":26},"end":{"line":45,"column":3}}},"11":{"name":"(anonymous_11)","decl":{"start":{"line":44,"column":65},"end":{"line":44,"column":66}},"loc":{"start":{"line":44,"column":66},"end":{"line":44,"column":69}}},"12":{"name":"(anonymous_12)","decl":{"start":{"line":47,"column":2},"end":{"line":47,"column":9}},"loc":{"start":{"line":47,"column":25},"end":{"line":49,"column":3}}},"13":{"name":"(anonymous_13)","decl":{"start":{"line":48,"column":67},"end":{"line":48,"column":68}},"loc":{"start":{"line":48,"column":68},"end":{"line":48,"column":71}}},"14":{"name":"(anonymous_14)","decl":{"start":{"line":51,"column":2},"end":{"line":51,"column":9}},"loc":{"start":{"line":51,"column":29},"end":{"line":53,"column":3}}},"15":{"name":"(anonymous_15)","decl":{"start":{"line":52,"column":66},"end":{"line":52,"column":67}},"loc":{"start":{"line":52,"column":67},"end":{"line":52,"column":70}}}},"branchMap":{},"s":{"0":1,"1":1,"2":2,"3":1,"4":1,"5":1,"6":3,"7":1,"8":2,"9":1,"10":1,"11":1,"12":1,"13":1,"14":1,"15":1,"16":2,"17":0,"18":1,"19":1,"20":1,"21":0,"22":0,"23":1,"24":0,"25":0,"26":1,"27":0,"28":0,"29":1,"30":1},"f":{"0":1,"1":1,"2":3,"3":2,"4":1,"5":1,"6":1,"7":2,"8":0,"9":1,"10":0,"11":0,"12":0,"13":0,"14":0,"15":0},"b":{}}
}
