TN:
SF:services\requests.ts
FN:3,(anonymous_2)
FN:4,(anonymous_3)
FN:7,(anonymous_4)
FN:16,(anonymous_5)
FNF:4
FNH:4
FNDA:8,(anonymous_2)
FNDA:1,(anonymous_3)
FNDA:2,(anonymous_4)
FNDA:6,(anonymous_5)
DA:1,2
DA:3,2
DA:4,8
DA:7,2
DA:8,2
DA:13,2
DA:16,2
DA:17,6
DA:22,6
DA:25,2
DA:30,2
LF:11
LH:11
BRF:0
BRH:0
end_of_record
TN:
SF:wrappers\JSONPlaceholder\JSONPlaceholder.ts
FN:7,(anonymous_0)
FN:10,JSONPlaceholder
FN:14,(anonymous_2)
FN:18,(anonymous_3)
FN:22,(anonymous_4)
FN:27,(anonymous_5)
FN:31,(anonymous_6)
FN:35,(anonymous_7)
FN:36,(anonymous_8)
FN:39,(anonymous_9)
FN:43,(anonymous_10)
FN:44,(anonymous_11)
FN:47,(anonymous_12)
FN:48,(anonymous_13)
FN:51,(anonymous_14)
FN:52,(anonymous_15)
FNF:16
FNH:8
FNDA:1,(anonymous_0)
FNDA:1,JSONPlaceholder
FNDA:1,(anonymous_2)
FNDA:2,(anonymous_3)
FNDA:1,(anonymous_4)
FNDA:1,(anonymous_5)
FNDA:1,(anonymous_6)
FNDA:0,(anonymous_7)
FNDA:0,(anonymous_8)
FNDA:1,(anonymous_9)
FNDA:0,(anonymous_10)
FNDA:0,(anonymous_11)
FNDA:0,(anonymous_12)
FNDA:0,(anonymous_13)
FNDA:0,(anonymous_14)
FNDA:0,(anonymous_15)
DA:1,1
DA:2,1
DA:6,2
DA:7,1
DA:11,1
DA:14,1
DA:15,1
DA:18,1
DA:19,2
DA:22,1
DA:23,1
DA:27,1
DA:28,1
DA:31,1
DA:32,1
DA:35,1
DA:36,0
DA:39,1
DA:40,1
DA:43,1
DA:44,0
DA:47,1
DA:48,0
DA:51,1
DA:52,0
DA:56,1
DA:58,1
LF:27
LH:23
BRF:0
BRH:0
end_of_record
